{"numFailedTestSuites":0,"numFailedTests":0,"numPassedTestSuites":1,"numPassedTests":9,"numPendingTestSuites":0,"numPendingTests":0,"numRuntimeErrorTestSuites":0,"numTotalTestSuites":1,"numTotalTests":9,"openHandles":[],"snapshot":{"added":0,"didUpdate":false,"failure":false,"filesAdded":0,"filesRemoved":0,"filesUnmatched":0,"filesUpdated":0,"matched":0,"total":0,"unchecked":0,"uncheckedKeysByFile":[],"unmatched":0,"updated":0},"startTime":1752502230660,"success":true,"testResults":[{"console":null,"failureMessage":null,"numFailingTests":0,"numPassingTests":9,"numPendingTests":0,"perfStats":{"end":1752502231158,"start":1752502230930},"snapshot":{"added":0,"fileDeleted":false,"matched":0,"unchecked":0,"unmatched":0,"updated":0,"uncheckedKeys":[]},"testFilePath":"/Users/liorkirshner/Documents/TechProjects/Tech_Troop/js-and-algo/recursion-exercises/src/app.test.js","testResults":[{"ancestorTitles":["findFactorial"],"duration":2,"failureMessages":[],"fullName":"findFactorial returns 120 for 5","location":null,"numPassingAsserts":0,"status":"passed","title":"returns 120 for 5"},{"ancestorTitles":["findFactorial"],"duration":2,"failureMessages":[],"fullName":"findFactorial returns 6 for 3","location":null,"numPassingAsserts":0,"status":"passed","title":"returns 6 for 3"},{"ancestorTitles":["findFactorial"],"duration":1,"failureMessages":[],"fullName":"findFactorial returns 1 for 0","location":null,"numPassingAsserts":0,"status":"passed","title":"returns 1 for 0"},{"ancestorTitles":["findFactorial"],"duration":1,"failureMessages":[],"fullName":"findFactorial returns 1 for negative numbers","location":null,"numPassingAsserts":0,"status":"passed","title":"returns 1 for negative numbers"},{"ancestorTitles":["reverseString"],"duration":1,"failureMessages":[],"fullName":"reverseString reverses a regular string","location":null,"numPassingAsserts":0,"status":"passed","title":"reverses a regular string"},{"ancestorTitles":["reverseString"],"duration":1,"failureMessages":[],"fullName":"reverseString returns empty string for empty input","location":null,"numPassingAsserts":0,"status":"passed","title":"returns empty string for empty input"},{"ancestorTitles":["reverseString"],"duration":2,"failureMessages":[],"fullName":"reverseString returns same character for single character","location":null,"numPassingAsserts":0,"status":"passed","title":"returns same character for single character"},{"ancestorTitles":["swap"],"duration":5,"failureMessages":[],"fullName":"swap swaps arr1 and arr2 contents","location":null,"numPassingAsserts":0,"status":"passed","title":"swaps arr1 and arr2 contents"},{"ancestorTitles":["swap"],"duration":3,"failureMessages":[],"fullName":"swap works with empty arrays","location":null,"numPassingAsserts":0,"status":"passed","title":"works with empty arrays"}],"sourceMaps":{},"skipped":false,"leaks":false}],"wasInterrupted":false}